#
# An unexpected error has been detected by Java Runtime Environment:
#
# java.lang.OutOfMemoryError: requested 32756 bytes for ChunkPool::allocate. Out of swap space?
#
#  Internal Error (allocation.cpp:120), pid=5724, tid=10508
#  Error: ChunkPool::allocate
#
# Java VM: Java HotSpot(TM) Client VM (11.0-b15 mixed mode windows-x86)
# If you would like to submit a bug report, please visit:
#   http://java.sun.com/webapps/bugreport/crash.jsp
# The crash happened outside the Java Virtual Machine in native code.
# See problematic frame for where to report the bug.
#

---------------  T H R E A D  ---------------

Current thread (0x02b0a400):  JavaThread "CompilerThread0" daemon [_thread_in_native, id=10508, stack(0x02d00000,0x02d50000)]

Stack: [0x02d00000,0x02d50000]
[error occurred during error reporting (printing stack bounds), id 0x80000001]


Current CompileTask:
C1: 14  !   sun.nio.cs.UTF_8$Decoder.decodeArrayLoop(Ljava/nio/ByteBuffer;Ljava/nio/CharBuffer;)Ljava/nio/charset/CoderResult; (1814 bytes)


---------------  P R O C E S S  ---------------

Java Threads: ( => current thread )
  0x02b0d400 JavaThread "Low Memory Detector" daemon [_thread_blocked, id=12188, stack(0x02d50000,0x02da0000)]
=>0x02b0a400 JavaThread "CompilerThread0" daemon [_thread_in_native, id=10508, stack(0x02d00000,0x02d50000)]
  0x02b00800 JavaThread "Attach Listener" daemon [_thread_blocked, id=9304, stack(0x02cb0000,0x02d00000)]
  0x02b17800 JavaThread "Signal Dispatcher" daemon [_thread_blocked, id=13088, stack(0x02c60000,0x02cb0000)]
  0x02aee800 JavaThread "Finalizer" daemon [_thread_blocked, id=4948, stack(0x02c10000,0x02c60000)]
  0x02ae9c00 JavaThread "Reference Handler" daemon [_thread_blocked, id=6440, stack(0x02bc0000,0x02c10000)]
  0x00848c00 JavaThread "main" [_thread_in_vm, id=7216, stack(0x008d0000,0x00920000)]

Other Threads:
  0x02ae6400 VMThread [stack: 0x02b70000,0x02bc0000] [id=10696]
  0x02b18800 WatcherThread [stack: 0x02da0000,0x02df0000] [id=14240]

VM state:not at safepoint (normal execution)

VM Mutex/Monitor currently owned by a thread: None

Heap
 def new generation   total 960K, used 699K [0x229e0000, 0x22ae0000, 0x22ec0000)
  eden space 896K,  78% used [0x229e0000, 0x22a8ee18, 0x22ac0000)
  from space 64K,   0% used [0x22ac0000, 0x22ac0000, 0x22ad0000)
  to   space 64K,   0% used [0x22ad0000, 0x22ad0000, 0x22ae0000)
 tenured generation   total 4096K, used 0K [0x22ec0000, 0x232c0000, 0x269e0000)
   the space 4096K,   0% used [0x22ec0000, 0x22ec0000, 0x22ec0200, 0x232c0000)
 compacting perm gen  total 12288K, used 2892K [0x269e0000, 0x275e0000, 0x2a9e0000)
   the space 12288K,  23% used [0x269e0000, 0x26cb3358, 0x26cb3400, 0x275e0000)
No shared spaces configured.

Dynamic libraries:
0x00400000 - 0x00424000 	C:\Program Files\Java\jdk1.6.0_10\bin\javaw.exe
0x7c920000 - 0x7c9b6000 	C:\WINDOWS\system32\ntdll.dll
0x7c800000 - 0x7c91e000 	C:\WINDOWS\system32\kernel32.dll
0x77da0000 - 0x77e49000 	C:\WINDOWS\system32\ADVAPI32.dll
0x77e50000 - 0x77ee3000 	C:\WINDOWS\system32\RPCRT4.dll
0x77fc0000 - 0x77fd1000 	C:\WINDOWS\system32\Secur32.dll
0x77d10000 - 0x77da0000 	C:\WINDOWS\system32\USER32.dll
0x77ef0000 - 0x77f39000 	C:\WINDOWS\system32\GDI32.dll
0x76300000 - 0x7631d000 	C:\WINDOWS\system32\IMM32.DLL
0x62c20000 - 0x62c29000 	C:\WINDOWS\system32\LPK.DLL
0x73fa0000 - 0x7400b000 	C:\WINDOWS\system32\USP10.dll
0x7c340000 - 0x7c396000 	C:\Program Files\Java\jdk1.6.0_10\jre\bin\msvcr71.dll
0x6d8b0000 - 0x6db06000 	C:\Program Files\Java\jdk1.6.0_10\jre\bin\client\jvm.dll
0x76b10000 - 0x76b3a000 	C:\WINDOWS\system32\WINMM.dll
0x6d330000 - 0x6d338000 	C:\Program Files\Java\jdk1.6.0_10\jre\bin\hpi.dll
0x76bc0000 - 0x76bcb000 	C:\WINDOWS\system32\PSAPI.DLL
0x6d860000 - 0x6d86c000 	C:\Program Files\Java\jdk1.6.0_10\jre\bin\verify.dll
0x6d3d0000 - 0x6d3ef000 	C:\Program Files\Java\jdk1.6.0_10\jre\bin\java.dll
0x6d8a0000 - 0x6d8af000 	C:\Program Files\Java\jdk1.6.0_10\jre\bin\zip.dll

VM Arguments:
jvm_args: -Dfile.encoding=UTF-8 
java_command: com.up.util.FonctionTest
Launcher Type: SUN_STANDARD

Environment Variables:
JAVA_HOME=C:\Program Files\Java\jdk1.7.0_45
CLASSPATH=.;C:\Program Files\Java\jdk1.7.0_45\lib
PATH=C:/Program Files/Java/jre7/bin/client;C:/Program Files/Java/jre7/bin;C:/Program Files/Java/jre7/lib/i386;C:\Program Files\Intel\iCLS Client\;C:\WINDOWS\system32;C:\WINDOWS;C:\WINDOWS\System32\Wbem;C:\Program Files\Intel\Intel(R) Management Engine Components\DAL;C:\Program Files\Intel\Intel(R) Management Engine Components\IPT;C:\Program Files\TortoiseSVN\bin;C:\Program Files\Java\jdk1.7.0_45\bin;C:\Program Files\Windows Imaging\;C:\Program Files\Subversion\bin;C:\Program Files\VisualSVN Server\bin;C:\Program Files\IDM Computer Solutions\UltraCompare\;D:\SDK\Eclipse\eclipse2EE;
USERNAME=wangjun
OS=Windows_NT
PROCESSOR_IDENTIFIER=x86 Family 6 Model 58 Stepping 9, GenuineIntel



---------------  S Y S T E M  ---------------

OS: Windows XP Build 2600 Service Pack 3

CPU:total 4 (8 cores per cpu, 2 threads per core) family 6 model 10 stepping 9, cmov, cx8, fxsr, mmx, sse, sse2, sse3, ssse3, ht

Memory: 4k page, physical 2097151k(722856k free), swap 4194303k(5116k free)

vm_info: Java HotSpot(TM) Client VM (11.0-b15) for windows-x86 JRE (1.6.0_10-rc2-b32), built on Sep 12 2008 00:52:11 by "java_re" with MS VC++ 7.1

time: Wed Dec 03 10:56:04 2014
elapsed time: 1 seconds

